[2023-42-16 19:42:52] [ INFO ] [UserController:85] Metodo createUser
[2023-42-16 19:42:52] [ INFO ] [UserController:86] UserDTO(id=null, name=Elena, lastName=Mayers, dni=11111111, email=alenefibonacci@gmail.com, password=password1, birthdate=1994-05-01)
[2023-42-16 19:42:52] [ INFO ] [UserController:92] saved
[2023-43-16 19:43:47] [ INFO ] [UserController:104] Metodo confirmUserRegistration
[2023-43-16 19:43:47] [ INFO ] [UserController:106] confirmed
[2023-43-16 19:43:47] [ ERROR] [UserController:110] error: java.net.ConnectException: Conexi贸n rehusada
[2023-43-16 19:43:50] [ INFO ] [UserController:104] Metodo confirmUserRegistration
[2023-43-16 19:43:50] [ INFO ] [UserController:106] confirmed
[2023-43-16 19:43:50] [ ERROR] [UserController:110] error: java.net.ConnectException: Conexi贸n rehusada
[2023-44-16 19:44:13] [ INFO ] [UserController:85] Metodo createUser
[2023-44-16 19:44:13] [ INFO ] [UserController:86] UserDTO(id=null, name=Elena, lastName=Mayers, dni=11111111, email=alenefibonacci@gmail.com, password=password1, birthdate=1994-05-01)
[2023-44-16 19:44:13] [ INFO ] [UserController:92] saved
[2023-44-16 19:44:31] [ INFO ] [UserController:104] Metodo confirmUserRegistration
[2023-44-16 19:44:31] [ INFO ] [UserController:106] confirmed
[2023-44-16 19:44:31] [ ERROR] [UserController:110] error: java.net.ConnectException: Conexi贸n rehusada
[2023-05-16 20:05:17] [ INFO ] [UserController:85] Metodo createUser
[2023-05-16 20:05:17] [ INFO ] [UserController:86] UserDTO(id=null, name=Elena, lastName=Mayers, dni=11111111, email=alenefibonacci@gmail.com, password=password1, birthdate=1994-05-01)
[2023-05-16 20:05:17] [ INFO ] [UserController:92] saved
[2023-05-16 20:05:39] [ INFO ] [UserController:104] Metodo confirmUserRegistration
[2023-05-16 20:05:39] [ INFO ] [UserController:106] confirmed
[2023-05-16 20:05:39] [ ERROR] [UserController:110] error: java.net.ConnectException: Conexi贸n rehusada
